<?xml version="1.0" encoding="UTF-8"?>
<testsuite name="com.adminsec.idor.SafetyContractTest" tests="3" skipped="0" failures="0" errors="0" timestamp="2026-07-13T23:02:39" hostname="parrot" time="0.006">
  <properties/>
  <testcase name="historyScannerStopsWhenTheExtensionUnloads()" classname="com.adminsec.idor.SafetyContractTest" time="0.003"/>
  <testcase name="passiveClassesContainNoRequestSender()" classname="com.adminsec.idor.SafetyContractTest" time="0.002"/>
  <testcase name="comparisonHardBlocksOutOfScopeAndMutationsRequireUiConfirmation()" classname="com.adminsec.idor.SafetyContractTest" time="0.0"/>
  <system-out><![CDATA[]]></system-out>
  <system-err><![CDATA[]]></system-err>
</testsuite>
