<?xml version="1.0" encoding="UTF-8"?>
<testsuite name="com.adminsec.idor.ResponseComparatorTest" tests="6" skipped="0" failures="0" errors="0" timestamp="2026-07-13T23:02:39" hostname="parrot" time="0.029">
  <properties/>
  <testcase name="similarGenericSuccessWithoutOwnershipIsInconclusive()" classname="com.adminsec.idor.ResponseComparatorTest" time="0.017"/>
  <testcase name="csrfFailureIsInconclusiveNotProtected()" classname="com.adminsec.idor.ResponseComparatorTest" time="0.001"/>
  <testcase name="similarSuccessfulResponsesAreSuspicious()" classname="com.adminsec.idor.ResponseComparatorTest" time="0.002"/>
  <testcase name="loginWafAndRateLimitAreInconclusive()" classname="com.adminsec.idor.ResponseComparatorTest" time="0.001"/>
  <testcase name="explicitDenialIsProtected()" classname="com.adminsec.idor.ResponseComparatorTest" time="0.001"/>
  <testcase name="ignoresConfiguredVolatileJsonFieldsStructurally()" classname="com.adminsec.idor.ResponseComparatorTest" time="0.002"/>
  <system-out><![CDATA[]]></system-out>
  <system-err><![CDATA[]]></system-err>
</testsuite>
