<?xml version="1.0" encoding="UTF-8"?>
<testsuite name="com.adminsec.idor.DetectionEngineTest" tests="6" skipped="0" failures="0" errors="0" timestamp="2026-07-13T23:02:38" hostname="parrot" time="0.103">
  <properties/>
  <testcase name="parsesNestedJsonArraysCamelCaseAndKeepsResponseProvenance()" classname="com.adminsec.idor.DetectionEngineTest" time="0.076"/>
  <testcase name="genericDomainIdsAreCoveredAndNoiseIsIgnored()" classname="com.adminsec.idor.DetectionEngineTest" time="0.003"/>
  <testcase name="staticAssetsAndYearPathsDoNotCreateCandidates()" classname="com.adminsec.idor.DetectionEngineTest" time="0.001"/>
  <testcase name="identifiesSnowflakeUlidAndObjectId()" classname="com.adminsec.idor.DetectionEngineTest" time="0.003"/>
  <testcase name="camelCaseIdentifierNamesAreRecognized()" classname="com.adminsec.idor.DetectionEngineTest" time="0.002"/>
  <testcase name="detectsNamedPathJsonGraphqlAndHeaderReferences()" classname="com.adminsec.idor.DetectionEngineTest" time="0.011"/>
  <system-out><![CDATA[]]></system-out>
  <system-err><![CDATA[]]></system-err>
</testsuite>
